<?xml version="1.0" encoding="UTF-8"?>
<!-- Generated by org.testng.reporters.JUnitReportReporter -->
<testsuite hostname="localhost.pcs" failures="0" tests="1" name="UI.LoginTest" time="8.749" errors="0" timestamp="2022-07-05T12:48:38 IST" skipped="0">
  <testcase classname="UI.LoginTest" name="Logintest" time="8.749"/>
  <system-out/>
</testsuite> <!-- UI.LoginTest -->
