<?xml version="1.0" encoding="UTF-8"?>
<!-- Generated by org.testng.reporters.JUnitReportReporter -->
<testsuite hostname="localhost.pcs" failures="0" tests="1" name="UI.LoginTest" time="8.332" errors="0" timestamp="2022-07-06T11:56:30 IST" skipped="0">
  <testcase classname="UI.LoginTest" name="Logintest" time="8.332"/>
</testsuite> <!-- UI.LoginTest -->
