<?xml version="1.0" encoding="UTF-8"?>
<!-- Generated by org.testng.reporters.JUnitReportReporter -->
<testsuite hostname="localhost.pcs" failures="0" tests="1" name="UI.LoginTest" time="8.409" errors="0" timestamp="2022-07-05T17:11:47 IST" skipped="0">
  <testcase classname="UI.LoginTest" name="Logintest" time="8.409"/>
</testsuite> <!-- UI.LoginTest -->
